# JRE version: Java(TM) SE Runtime Environment (8.0_45-b14) (build 1.8.0_45-b14)
# Java VM: Java HotSpot(TM) 64-Bit Server VM (25.45-b02 mixed mode windows-amd64 compressed oops)
Heap:
 PSYoungGen      total 242176K, used 58327K [0x00000000eab00000, 0x00000000fb880000, 0x0000000100000000)
  eden space 220672K, 16% used [0x00000000eab00000,0x00000000ecf2e5a0,0x00000000f8280000)
  from space 21504K, 98% used [0x00000000f8880000,0x00000000f9d476d0,0x00000000f9d80000)
  to   space 27648K, 0% used [0x00000000f9d80000,0x00000000f9d80000,0x00000000fb880000)
 ParOldGen       total 220672K, used 47720K [0x00000000c0000000, 0x00000000cd780000, 0x00000000eab00000)
  object space 220672K, 21% used [0x00000000c0000000,0x00000000c2e9a3b0,0x00000000cd780000)
 Metaspace       used 78435K, capacity 83988K, committed 84056K, reserved 1122304K
  class space    used 10484K, capacity 11328K, committed 11392K, reserved 1048576K
GC Heap History (10 events):
Event: 1531.216 GC heap before
{Heap before GC invocations=24 (full 3):
 PSYoungGen      total 277504K, used 271037K [0x00000000eab00000, 0x00000000fd700000, 0x0000000100000000)
  eden space 254976K, 100% used [0x00000000eab00000,0x00000000fa400000,0x00000000fa400000)
  from space 22528K, 71% used [0x00000000fc100000,0x00000000fd0af6e8,0x00000000fd700000)
  to   space 26112K, 0% used [0x00000000fa400000,0x00000000fa400000,0x00000000fbd80000)
 ParOldGen       total 220672K, used 47661K [0x00000000c0000000, 0x00000000cd780000, 0x00000000eab00000)
  object space 220672K, 21% used [0x00000000c0000000,0x00000000c2e8b760,0x00000000cd780000)
 Metaspace       used 70309K, capacity 74718K, committed 74968K, reserved 1114112K
  class space    used 9489K, capacity 10217K, committed 10240K, reserved 1048576K
Event: 1531.246 GC heap after
Heap after GC invocations=24 (full 3):
 PSYoungGen      total 263168K, used 15761K [0x00000000eab00000, 0x00000000fcf80000, 0x0000000100000000)
  eden space 247296K, 0% used [0x00000000eab00000,0x00000000eab00000,0x00000000f9c80000)
  from space 15872K, 99% used [0x00000000fa400000,0x00000000fb3647d0,0x00000000fb380000)
  to   space 26112K, 0% used [0x00000000fb600000,0x00000000fb600000,0x00000000fcf80000)
 ParOldGen       total 220672K, used 47669K [0x00000000c0000000, 0x00000000cd780000, 0x00000000eab00000)
  object space 220672K, 21% used [0x00000000c0000000,0x00000000c2e8d760,0x00000000cd780000)
 Metaspace       used 70309K, capacity 74718K, committed 74968K, reserved 1114112K
  class space    used 9489K, capacity 10217K, committed 10240K, reserved 1048576K
}
Event: 1536.212 GC heap before
{Heap before GC invocations=25 (full 3):
 PSYoungGen      total 263168K, used 263042K [0x00000000eab00000, 0x00000000fcf80000, 0x0000000100000000)
  eden space 247296K, 99% used [0x00000000eab00000,0x00000000f9c7c058,0x00000000f9c80000)
  from space 15872K, 99% used [0x00000000fa400000,0x00000000fb3647d0,0x00000000fb380000)
  to   space 26112K, 0% used [0x00000000fb600000,0x00000000fb600000,0x00000000fcf80000)
 ParOldGen       total 220672K, used 47669K [0x00000000c0000000, 0x00000000cd780000, 0x00000000eab00000)
  object space 220672K, 21% used [0x00000000c0000000,0x00000000c2e8d760,0x00000000cd780000)
 Metaspace       used 70427K, capacity 74846K, committed 74968K, reserved 1114112K
  class space    used 9489K, capacity 10217K, committed 10240K, reserved 1048576K
Event: 1536.241 GC heap after
Heap after GC invocations=25 (full 3):
 PSYoungGen      total 260096K, used 18050K [0x00000000eab00000, 0x00000000fc980000, 0x0000000100000000)
  eden space 240128K, 0% used [0x00000000eab00000,0x00000000eab00000,0x00000000f9580000)
  from space 19968K, 90% used [0x00000000fb600000,0x00000000fc7a0af0,0x00000000fc980000)
  to   space 26624K, 0% used [0x00000000f9580000,0x00000000f9580000,0x00000000faf80000)
 ParOldGen       total 220672K, used 47677K [0x00000000c0000000, 0x00000000cd780000, 0x00000000eab00000)
  object space 220672K, 21% used [0x00000000c0000000,0x00000000c2e8f760,0x00000000cd780000)
 Metaspace       used 70427K, capacity 74846K, committed 74968K, reserved 1114112K
  class space    used 9489K, capacity 10217K, committed 10240K, reserved 1048576K
}
Event: 1572.852 GC heap before
{Heap before GC invocations=26 (full 3):
 PSYoungGen      total 260096K, used 257327K [0x00000000eab00000, 0x00000000fc980000, 0x0000000100000000)
  eden space 240128K, 99% used [0x00000000eab00000,0x00000000f94ab300,0x00000000f9580000)
  from space 19968K, 90% used [0x00000000fb600000,0x00000000fc7a0af0,0x00000000fc980000)
  to   space 26624K, 0% used [0x00000000f9580000,0x00000000f9580000,0x00000000faf80000)
 ParOldGen       total 220672K, used 47677K [0x00000000c0000000, 0x00000000cd780000, 0x00000000eab00000)
  object space 220672K, 21% used [0x00000000c0000000,0x00000000c2e8f760,0x00000000cd780000)
 Metaspace       used 70660K, capacity 75220K, committed 75480K, reserved 1114112K
  class space    used 9499K, capacity 10229K, committed 10240K, reserved 1048576K
Event: 1572.888 GC heap after
Heap after GC invocations=26 (full 3):
 PSYoungGen      total 252416K, used 18726K [0x00000000eab00000, 0x00000000fc400000, 0x0000000100000000)
  eden space 233472K, 0% used [0x00000000eab00000,0x00000000eab00000,0x00000000f8f00000)
  from space 18944K, 98% used [0x00000000f9580000,0x00000000fa7c9a78,0x00000000fa800000)
  to   space 27136K, 0% used [0x00000000fa980000,0x00000000fa980000,0x00000000fc400000)
 ParOldGen       total 220672K, used 47685K [0x00000000c0000000, 0x00000000cd780000, 0x00000000eab00000)
  object space 220672K, 21% used [0x00000000c0000000,0x00000000c2e91760,0x00000000cd780000)
 Metaspace       used 70660K, capacity 75220K, committed 75480K, reserved 1114112K
  class space    used 9499K, capacity 10229K, committed 10240K, reserved 1048576K
}
Event: 2913.075 GC heap before
{Heap before GC invocations=27 (full 3):
 PSYoungGen      total 252416K, used 252198K [0x00000000eab00000, 0x00000000fc400000, 0x0000000100000000)
  eden space 233472K, 100% used [0x00000000eab00000,0x00000000f8f00000,0x00000000f8f00000)
  from space 18944K, 98% used [0x00000000f9580000,0x00000000fa7c9a78,0x00000000fa800000)
  to   space 27136K, 0% used [0x00000000fa980000,0x00000000fa980000,0x00000000fc400000)
 ParOldGen       total 220672K, used 47685K [0x00000000c0000000, 0x00000000cd780000, 0x00000000eab00000)
  object space 220672K, 21% used [0x00000000c0000000,0x00000000c2e91760,0x00000000cd780000)
 Metaspace       used 71038K, capacity 75734K, committed 75864K, reserved 1114112K
  class space    used 9566K, capacity 10298K, committed 10368K, reserved 1048576K
Event: 2913.097 GC heap after
Heap after GC invocations=27 (full 3):
 PSYoungGen      total 245248K, used 12867K [0x00000000eab00000, 0x00000000fbb80000, 0x0000000100000000)
  eden space 226816K, 0% used [0x00000000eab00000,0x00000000eab00000,0x00000000f8880000)
  from space 18432K, 69% used [0x00000000fa980000,0x00000000fb610f70,0x00000000fbb80000)
  to   space 26112K, 0% used [0x00000000f8880000,0x00000000f8880000,0x00000000fa200000)
 ParOldGen       total 220672K, used 47693K [0x00000000c0000000, 0x00000000cd780000, 0x00000000eab00000)
  object space 220672K, 21% used [0x00000000c0000000,0x00000000c2e93760,0x00000000cd780000)
 Metaspace       used 71038K, capacity 75734K, committed 75864K, reserved 1114112K
  class space    used 9566K, capacity 10298K, committed 10368K, reserved 1048576K
}
Event: 4128.182 GC heap before
{Heap before GC invocations=28 (full 3):
 PSYoungGen      total 245248K, used 239683K [0x00000000eab00000, 0x00000000fbb80000, 0x0000000100000000)
  eden space 226816K, 100% used [0x00000000eab00000,0x00000000f8880000,0x00000000f8880000)
  from space 18432K, 69% used [0x00000000fa980000,0x00000000fb610f70,0x00000000fbb80000)
  to   space 26112K, 0% used [0x00000000f8880000,0x00000000f8880000,0x00000000fa200000)
 ParOldGen       total 220672K, used 47693K [0x00000000c0000000, 0x00000000cd780000, 0x00000000eab00000)
  object space 220672K, 21% used [0x00000000c0000000,0x00000000c2e93760,0x00000000cd780000)
 Metaspace       used 78241K, capacity 83876K, committed 84056K, reserved 1122304K
  class space    used 10471K, capacity 11320K, committed 11392K, reserved 1048576K
Event: 4128.229 GC heap after
Heap after GC invocations=28 (full 3):
 PSYoungGen      total 242176K, used 21277K [0x00000000eab00000, 0x00000000fb880000, 0x0000000100000000)
  eden space 220672K, 0% used [0x00000000eab00000,0x00000000eab00000,0x00000000f8280000)
  from space 21504K, 98% used [0x00000000f8880000,0x00000000f9d476d0,0x00000000f9d80000)
  to   space 27648K, 0% used [0x00000000f9d80000,0x00000000f9d80000,0x00000000fb880000)
 ParOldGen       total 220672K, used 47720K [0x00000000c0000000, 0x00000000cd780000, 0x00000000eab00000)
  object space 220672K, 21% used [0x00000000c0000000,0x00000000c2e9a3b0,0x00000000cd780000)
 Metaspace       used 78241K, capacity 83876K, committed 84056K, reserved 1122304K
  class space    used 10471K, capacity 11320K, committed 11392K, reserved 1048576K
}

